# JRE version: OpenJDK Runtime Environment (8.0_152-b01) (build 1.8.0_152-release-915-b01)
# Java VM: OpenJDK 64-Bit Server VM (25.152-b01 mixed mode windows-amd64 compressed oops)
Heap:
 PSYoungGen      total 349696K, used 175104K [0x00000000e0000000, 0x0000000100000000, 0x0000000100000000)
  eden space 175104K, 100% used [0x00000000e0000000,0x00000000eab00000,0x00000000eab00000)
  from space 174592K, 0% used [0x00000000f5580000,0x00000000f5580000,0x0000000100000000)
  to   space 174592K, 0% used [0x00000000eab00000,0x00000000eab00000,0x00000000f5580000)
 ParOldGen       total 1048576K, used 1048317K [0x00000000a0000000, 0x00000000e0000000, 0x00000000e0000000)
  object space 1048576K, 99% used [0x00000000a0000000,0x00000000dffbf490,0x00000000e0000000)
 Metaspace       used 121612K, capacity 129070K, committed 155864K, reserved 1183744K
  class space    used 15042K, capacity 16763K, committed 20992K, reserved 1048576K
GC Heap History (10 events):
Event: 859.986 GC heap after
Heap after GC invocations=169 (full 82):
 PSYoungGen      total 349696K, used 173439K [0x00000000e0000000, 0x0000000100000000, 0x0000000100000000)
  eden space 175104K, 99% used [0x00000000e0000000,0x00000000ea95fdc0,0x00000000eab00000)
  from space 174592K, 0% used [0x00000000f5580000,0x00000000f5580000,0x0000000100000000)
  to   space 174592K, 0% used [0x00000000eab00000,0x00000000eab00000,0x00000000f5580000)
 ParOldGen       total 1048576K, used 1048210K [0x00000000a0000000, 0x00000000e0000000, 0x00000000e0000000)
  object space 1048576K, 99% used [0x00000000a0000000,0x00000000dffa4918,0x00000000e0000000)
 Metaspace       used 127650K, capacity 135246K, committed 157912K, reserved 1185792K
  class space    used 15801K, capacity 17559K, committed 20992K, reserved 1048576K
}
Event: 859.989 GC heap before
{Heap before GC invocations=170 (full 83):
 PSYoungGen      total 349696K, used 175104K [0x00000000e0000000, 0x0000000100000000, 0x0000000100000000)
  eden space 175104K, 100% used [0x00000000e0000000,0x00000000eab00000,0x00000000eab00000)
  from space 174592K, 0% used [0x00000000f5580000,0x00000000f5580000,0x0000000100000000)
  to   space 174592K, 0% used [0x00000000eab00000,0x00000000eab00000,0x00000000f5580000)
 ParOldGen       total 1048576K, used 1048210K [0x00000000a0000000, 0x00000000e0000000, 0x00000000e0000000)
  object space 1048576K, 99% used [0x00000000a0000000,0x00000000dffa4918,0x00000000e0000000)
 Metaspace       used 127651K, capacity 135246K, committed 157912K, reserved 1185792K
  class space    used 15801K, capacity 17559K, committed 20992K, reserved 1048576K
Event: 861.509 GC heap after
Heap after GC invocations=170 (full 83):
 PSYoungGen      total 349696K, used 173389K [0x00000000e0000000, 0x0000000100000000, 0x0000000100000000)
  eden space 175104K, 99% used [0x00000000e0000000,0x00000000ea953760,0x00000000eab00000)
  from space 174592K, 0% used [0x00000000f5580000,0x00000000f5580000,0x0000000100000000)
  to   space 174592K, 0% used [0x00000000eab00000,0x00000000eab00000,0x00000000f5580000)
 ParOldGen       total 1048576K, used 1048210K [0x00000000a0000000, 0x00000000e0000000, 0x00000000e0000000)
  object space 1048576K, 99% used [0x00000000a0000000,0x00000000dffa4918,0x00000000e0000000)
 Metaspace       used 127651K, capacity 135246K, committed 157912K, reserved 1185792K
  class space    used 15801K, capacity 17559K, committed 20992K, reserved 1048576K
}
Event: 861.513 GC heap before
{Heap before GC invocations=171 (full 84):
 PSYoungGen      total 349696K, used 175104K [0x00000000e0000000, 0x0000000100000000, 0x0000000100000000)
  eden space 175104K, 100% used [0x00000000e0000000,0x00000000eab00000,0x00000000eab00000)
  from space 174592K, 0% used [0x00000000f5580000,0x00000000f5580000,0x0000000100000000)
  to   space 174592K, 0% used [0x00000000eab00000,0x00000000eab00000,0x00000000f5580000)
 ParOldGen       total 1048576K, used 1048210K [0x00000000a0000000, 0x00000000e0000000, 0x00000000e0000000)
  object space 1048576K, 99% used [0x00000000a0000000,0x00000000dffa4918,0x00000000e0000000)
 Metaspace       used 127651K, capacity 135246K, committed 157912K, reserved 1185792K
  class space    used 15801K, capacity 17559K, committed 20992K, reserved 1048576K
Event: 866.971 GC heap after
Heap after GC invocations=171 (full 84):
 PSYoungGen      total 349696K, used 173664K [0x00000000e0000000, 0x0000000100000000, 0x0000000100000000)
  eden space 175104K, 99% used [0x00000000e0000000,0x00000000ea998218,0x00000000eab00000)
  from space 174592K, 0% used [0x00000000f5580000,0x00000000f5580000,0x0000000100000000)
  to   space 174592K, 0% used [0x00000000eab00000,0x00000000eab00000,0x00000000f5580000)
 ParOldGen       total 1048576K, used 1048171K [0x00000000a0000000, 0x00000000e0000000, 0x00000000e0000000)
  object space 1048576K, 99% used [0x00000000a0000000,0x00000000dff9ae38,0x00000000e0000000)
 Metaspace       used 127632K, capacity 135216K, committed 157912K, reserved 1185792K
  class space    used 15798K, capacity 17554K, committed 20992K, reserved 1048576K
}
Event: 866.974 GC heap before
{Heap before GC invocations=172 (full 85):
 PSYoungGen      total 349696K, used 175104K [0x00000000e0000000, 0x0000000100000000, 0x0000000100000000)
  eden space 175104K, 100% used [0x00000000e0000000,0x00000000eab00000,0x00000000eab00000)
  from space 174592K, 0% used [0x00000000f5580000,0x00000000f5580000,0x0000000100000000)
  to   space 174592K, 0% used [0x00000000eab00000,0x00000000eab00000,0x00000000f5580000)
 ParOldGen       total 1048576K, used 1048171K [0x00000000a0000000, 0x00000000e0000000, 0x00000000e0000000)
  object space 1048576K, 99% used [0x00000000a0000000,0x00000000dff9ae38,0x00000000e0000000)
 Metaspace       used 127633K, capacity 135216K, committed 157912K, reserved 1185792K
  class space    used 15798K, capacity 17554K, committed 20992K, reserved 1048576K
Event: 868.536 GC heap after
Heap after GC invocations=172 (full 85):
 PSYoungGen      total 349696K, used 32380K [0x00000000e0000000, 0x0000000100000000, 0x0000000100000000)
  eden space 175104K, 18% used [0x00000000e0000000,0x00000000e1f9f018,0x00000000eab00000)
  from space 174592K, 0% used [0x00000000f5580000,0x00000000f5580000,0x0000000100000000)
  to   space 174592K, 0% used [0x00000000eab00000,0x00000000eab00000,0x00000000f5580000)
 ParOldGen       total 1048576K, used 1048236K [0x00000000a0000000, 0x00000000e0000000, 0x00000000e0000000)
  object space 1048576K, 99% used [0x00000000a0000000,0x00000000dffab358,0x00000000e0000000)
 Metaspace       used 121607K, capacity 129070K, committed 155864K, reserved 1183744K
  class space    used 15042K, capacity 16763K, committed 20992K, reserved 1048576K
}
Event: 868.713 GC heap before
{Heap before GC invocations=173 (full 86):
 PSYoungGen      total 349696K, used 175104K [0x00000000e0000000, 0x0000000100000000, 0x0000000100000000)
  eden space 175104K, 100% used [0x00000000e0000000,0x00000000eab00000,0x00000000eab00000)
  from space 174592K, 0% used [0x00000000f5580000,0x00000000f5580000,0x0000000100000000)
  to   space 174592K, 0% used [0x00000000eab00000,0x00000000eab00000,0x00000000f5580000)
 ParOldGen       total 1048576K, used 1048236K [0x00000000a0000000, 0x00000000e0000000, 0x00000000e0000000)
  object space 1048576K, 99% used [0x00000000a0000000,0x00000000dffab358,0x00000000e0000000)
 Metaspace       used 121608K, capacity 129070K, committed 155864K, reserved 1183744K
  class space    used 15042K, capacity 16763K, committed 20992K, reserved 1048576K
Event: 874.077 GC heap after
Heap after GC invocations=173 (full 86):
 PSYoungGen      total 349696K, used 52703K [0x00000000e0000000, 0x0000000100000000, 0x0000000100000000)
  eden space 175104K, 30% used [0x00000000e0000000,0x00000000e3377ef0,0x00000000eab00000)
  from space 174592K, 0% used [0x00000000f5580000,0x00000000f5580000,0x0000000100000000)
  to   space 174592K, 0% used [0x00000000eab00000,0x00000000eab00000,0x00000000f5580000)
 ParOldGen       total 1048576K, used 1048317K [0x00000000a0000000, 0x00000000e0000000, 0x00000000e0000000)
  object space 1048576K, 99% used [0x00000000a0000000,0x00000000dffbf490,0x00000000e0000000)
 Metaspace       used 121608K, capacity 129070K, committed 155864K, reserved 1183744K
  class space    used 15042K, capacity 16763K, committed 20992K, reserved 1048576K
}
Event: 874.221 GC heap before
{Heap before GC invocations=174 (full 87):
 PSYoungGen      total 349696K, used 175104K [0x00000000e0000000, 0x0000000100000000, 0x0000000100000000)
  eden space 175104K, 100% used [0x00000000e0000000,0x00000000eab00000,0x00000000eab00000)
  from space 174592K, 0% used [0x00000000f5580000,0x00000000f5580000,0x0000000100000000)
  to   space 174592K, 0% used [0x00000000eab00000,0x00000000eab00000,0x00000000f5580000)
 ParOldGen       total 1048576K, used 1048317K [0x00000000a0000000, 0x00000000e0000000, 0x00000000e0000000)
  object space 1048576K, 99% used [0x00000000a0000000,0x00000000dffbf490,0x00000000e0000000)
 Metaspace       used 121612K, capacity 129070K, committed 155864K, reserved 1183744K
  class space    used 15042K, capacity 16763K, committed 20992K, reserved 1048576K

