# JRE version: OpenJDK Runtime Environment (8.0_152-b01) (build 1.8.0_152-release-915-b01)
# Java VM: OpenJDK 64-Bit Server VM (25.152-b01 mixed mode windows-amd64 compressed oops)
Heap:
 PSYoungGen      total 349696K, used 32410K [0x00000000e0000000, 0x0000000100000000, 0x0000000100000000)
  eden space 175104K, 9% used [0x00000000e0000000,0x00000000e10bf990,0x00000000eab00000)
  from space 174592K, 8% used [0x00000000eab00000,0x00000000eb9e6fb0,0x00000000f5580000)
  to   space 174592K, 0% used [0x00000000f5580000,0x00000000f5580000,0x0000000100000000)
 ParOldGen       total 826368K, used 477768K [0x00000000a0000000, 0x00000000d2700000, 0x00000000e0000000)
  object space 826368K, 57% used [0x00000000a0000000,0x00000000bd292388,0x00000000d2700000)
 Metaspace       used 130251K, capacity 138690K, committed 138880K, reserved 1169408K
  class space    used 16607K, capacity 18524K, committed 18560K, reserved 1048576K
GC Heap History (10 events):
Event: 903.633 GC heap before
{Heap before GC invocations=40 (full 5):
 PSYoungGen      total 349696K, used 191896K [0x00000000e0000000, 0x0000000100000000, 0x0000000100000000)
  eden space 175104K, 100% used [0x00000000e0000000,0x00000000eab00000,0x00000000eab00000)
  from space 174592K, 9% used [0x00000000f5580000,0x00000000f65e6050,0x0000000100000000)
  to   space 174592K, 0% used [0x00000000eab00000,0x00000000eab00000,0x00000000f5580000)
 ParOldGen       total 826368K, used 460447K [0x00000000a0000000, 0x00000000d2700000, 0x00000000e0000000)
  object space 826368K, 55% used [0x00000000a0000000,0x00000000bc1a7dd8,0x00000000d2700000)
 Metaspace       used 129641K, capacity 138018K, committed 138368K, reserved 1169408K
  class space    used 16532K, capacity 18439K, committed 18560K, reserved 1048576K
Event: 903.653 GC heap after
Heap after GC invocations=40 (full 5):
 PSYoungGen      total 349696K, used 16322K [0x00000000e0000000, 0x0000000100000000, 0x0000000100000000)
  eden space 175104K, 0% used [0x00000000e0000000,0x00000000e0000000,0x00000000eab00000)
  from space 174592K, 9% used [0x00000000eab00000,0x00000000ebaf0bd0,0x00000000f5580000)
  to   space 174592K, 0% used [0x00000000f5580000,0x00000000f5580000,0x0000000100000000)
 ParOldGen       total 826368K, used 460447K [0x00000000a0000000, 0x00000000d2700000, 0x00000000e0000000)
  object space 826368K, 55% used [0x00000000a0000000,0x00000000bc1a7dd8,0x00000000d2700000)
 Metaspace       used 129641K, capacity 138018K, committed 138368K, reserved 1169408K
  class space    used 16532K, capacity 18439K, committed 18560K, reserved 1048576K
}
Event: 904.592 GC heap before
{Heap before GC invocations=41 (full 5):
 PSYoungGen      total 349696K, used 191426K [0x00000000e0000000, 0x0000000100000000, 0x0000000100000000)
  eden space 175104K, 100% used [0x00000000e0000000,0x00000000eab00000,0x00000000eab00000)
  from space 174592K, 9% used [0x00000000eab00000,0x00000000ebaf0bd0,0x00000000f5580000)
  to   space 174592K, 0% used [0x00000000f5580000,0x00000000f5580000,0x0000000100000000)
 ParOldGen       total 826368K, used 460447K [0x00000000a0000000, 0x00000000d2700000, 0x00000000e0000000)
  object space 826368K, 55% used [0x00000000a0000000,0x00000000bc1a7dd8,0x00000000d2700000)
 Metaspace       used 130087K, capacity 138464K, committed 138624K, reserved 1169408K
  class space    used 16579K, capacity 18477K, committed 18560K, reserved 1048576K
Event: 904.614 GC heap after
Heap after GC invocations=41 (full 5):
 PSYoungGen      total 349696K, used 3512K [0x00000000e0000000, 0x0000000100000000, 0x0000000100000000)
  eden space 175104K, 0% used [0x00000000e0000000,0x00000000e0000000,0x00000000eab00000)
  from space 174592K, 2% used [0x00000000f5580000,0x00000000f58ee088,0x0000000100000000)
  to   space 174592K, 0% used [0x00000000eab00000,0x00000000eab00000,0x00000000f5580000)
 ParOldGen       total 826368K, used 476356K [0x00000000a0000000, 0x00000000d2700000, 0x00000000e0000000)
  object space 826368K, 57% used [0x00000000a0000000,0x00000000bd131100,0x00000000d2700000)
 Metaspace       used 130087K, capacity 138464K, committed 138624K, reserved 1169408K
  class space    used 16579K, capacity 18477K, committed 18560K, reserved 1048576K
}
Event: 905.218 GC heap before
{Heap before GC invocations=42 (full 5):
 PSYoungGen      total 349696K, used 178616K [0x00000000e0000000, 0x0000000100000000, 0x0000000100000000)
  eden space 175104K, 100% used [0x00000000e0000000,0x00000000eab00000,0x00000000eab00000)
  from space 174592K, 2% used [0x00000000f5580000,0x00000000f58ee088,0x0000000100000000)
  to   space 174592K, 0% used [0x00000000eab00000,0x00000000eab00000,0x00000000f5580000)
 ParOldGen       total 826368K, used 476356K [0x00000000a0000000, 0x00000000d2700000, 0x00000000e0000000)
  object space 826368K, 57% used [0x00000000a0000000,0x00000000bd131100,0x00000000d2700000)
 Metaspace       used 130101K, capacity 138464K, committed 138624K, reserved 1169408K
  class space    used 16579K, capacity 18477K, committed 18560K, reserved 1048576K
Event: 905.228 GC heap after
Heap after GC invocations=42 (full 5):
 PSYoungGen      total 349696K, used 7343K [0x00000000e0000000, 0x0000000100000000, 0x0000000100000000)
  eden space 175104K, 0% used [0x00000000e0000000,0x00000000e0000000,0x00000000eab00000)
  from space 174592K, 4% used [0x00000000eab00000,0x00000000eb22bd08,0x00000000f5580000)
  to   space 174592K, 0% used [0x00000000f5580000,0x00000000f5580000,0x0000000100000000)
 ParOldGen       total 826368K, used 477672K [0x00000000a0000000, 0x00000000d2700000, 0x00000000e0000000)
  object space 826368K, 57% used [0x00000000a0000000,0x00000000bd27a388,0x00000000d2700000)
 Metaspace       used 130101K, capacity 138464K, committed 138624K, reserved 1169408K
  class space    used 16579K, capacity 18477K, committed 18560K, reserved 1048576K
}
Event: 905.996 GC heap before
{Heap before GC invocations=43 (full 5):
 PSYoungGen      total 349696K, used 182447K [0x00000000e0000000, 0x0000000100000000, 0x0000000100000000)
  eden space 175104K, 100% used [0x00000000e0000000,0x00000000eab00000,0x00000000eab00000)
  from space 174592K, 4% used [0x00000000eab00000,0x00000000eb22bd08,0x00000000f5580000)
  to   space 174592K, 0% used [0x00000000f5580000,0x00000000f5580000,0x0000000100000000)
 ParOldGen       total 826368K, used 477672K [0x00000000a0000000, 0x00000000d2700000, 0x00000000e0000000)
  object space 826368K, 57% used [0x00000000a0000000,0x00000000bd27a388,0x00000000d2700000)
 Metaspace       used 130101K, capacity 138464K, committed 138624K, reserved 1169408K
  class space    used 16579K, capacity 18477K, committed 18560K, reserved 1048576K
Event: 906.007 GC heap after
Heap after GC invocations=43 (full 5):
 PSYoungGen      total 349696K, used 10864K [0x00000000e0000000, 0x0000000100000000, 0x0000000100000000)
  eden space 175104K, 0% used [0x00000000e0000000,0x00000000e0000000,0x00000000eab00000)
  from space 174592K, 6% used [0x00000000f5580000,0x00000000f601c260,0x0000000100000000)
  to   space 174592K, 0% used [0x00000000eab00000,0x00000000eab00000,0x00000000f5580000)
 ParOldGen       total 826368K, used 477736K [0x00000000a0000000, 0x00000000d2700000, 0x00000000e0000000)
  object space 826368K, 57% used [0x00000000a0000000,0x00000000bd28a388,0x00000000d2700000)
 Metaspace       used 130101K, capacity 138464K, committed 138624K, reserved 1169408K
  class space    used 16579K, capacity 18477K, committed 18560K, reserved 1048576K
}
Event: 906.926 GC heap before
{Heap before GC invocations=44 (full 5):
 PSYoungGen      total 349696K, used 185968K [0x00000000e0000000, 0x0000000100000000, 0x0000000100000000)
  eden space 175104K, 100% used [0x00000000e0000000,0x00000000eab00000,0x00000000eab00000)
  from space 174592K, 6% used [0x00000000f5580000,0x00000000f601c260,0x0000000100000000)
  to   space 174592K, 0% used [0x00000000eab00000,0x00000000eab00000,0x00000000f5580000)
 ParOldGen       total 826368K, used 477736K [0x00000000a0000000, 0x00000000d2700000, 0x00000000e0000000)
  object space 826368K, 57% used [0x00000000a0000000,0x00000000bd28a388,0x00000000d2700000)
 Metaspace       used 130107K, capacity 138464K, committed 138624K, reserved 1169408K
  class space    used 16580K, capacity 18477K, committed 18560K, reserved 1048576K
Event: 906.940 GC heap after
Heap after GC invocations=44 (full 5):
 PSYoungGen      total 349696K, used 15259K [0x00000000e0000000, 0x0000000100000000, 0x0000000100000000)
  eden space 175104K, 0% used [0x00000000e0000000,0x00000000e0000000,0x00000000eab00000)
  from space 174592K, 8% used [0x00000000eab00000,0x00000000eb9e6fb0,0x00000000f5580000)
  to   space 174592K, 0% used [0x00000000f5580000,0x00000000f5580000,0x0000000100000000)
 ParOldGen       total 826368K, used 477768K [0x00000000a0000000, 0x00000000d2700000, 0x00000000e0000000)
  object space 826368K, 57% used [0x00000000a0000000,0x00000000bd292388,0x00000000d2700000)
 Metaspace       used 130107K, capacity 138464K, committed 138624K, reserved 1169408K
  class space    used 16580K, capacity 18477K, committed 18560K, reserved 1048576K
}

